<?xml version="1.0" encoding="UTF-8"?>
<testsuite name="com.janushenderson.automation.runners.TestAll" tests="0" skipped="0" failures="0" errors="0" timestamp="1970-01-01T00:00:00" hostname="LPC-HHJ27S2" time="0.0">
  <properties/>
  <system-out><![CDATA[12:57:26.332 [Test worker] INFO  n.t.c.steps.ConsoleLoggingListener - 

-------------------------------------------------------------------------------------
     _______. _______ .______       _______ .__   __.  __  .___________.____    ____ 
    /       ||   ____||   _  \     |   ____||  \ |  | |  | |           |\   \  /   / 
   |   (----`|  |__   |  |_)  |    |  |__   |   \|  | |  | `---|  |----` \   \/   /  
    \   \    |   __|  |      /     |   __|  |  . `  | |  |     |  |       \_    _/   
.----)   |   |  |____ |  |\  \----.|  |____ |  |\   | |  |     |  |         |  |     
|_______/    |_______|| _| `._____||_______||__| \__| |__|     |__|         |__|    
                                                                                     
 News and tutorials at http://www.serenity-bdd.info                                  
 Documentation at https://wakaleo.gitbooks.io/the-serenity-book/content/             
 Join the Serenity Community on Rocket Chat at https://serenity-bdd.rocket.chat      
 Serenity BDD Support and Training at http://serenity-bdd.info/#/trainingandsupport  
 Learn Serenity BDD online at http://serenity-dojo.com                               
-------------------------------------------------------------------------------------

12:57:26.372 [Test worker] INFO  n.t.c.steps.ConsoleLoggingListener - Test Suite Started: GitHub API
12:57:26.506 [Test worker] INFO  n.t.c.steps.ConsoleLoggingListener - 
 _____ _____ ____ _____   ____ _____  _    ____ _____ _____ ____  
|_   _| ____/ ___|_   _| / ___|_   _|/ \  |  _ \_   _| ____|  _ \ 
  | | |  _| \___ \ | |   \___ \ | | / _ \ | |_) || | |  _| | | | |
  | | | |___ ___) || |    ___) || |/ ___ \|  _ < | | | |___| |_| |
  |_| |_____|____/ |_|   |____/ |_/_/   \_\_| \_\|_| |_____|____/ 
                                                                  

TEST STARTED: GET User details from Github
-------------------------------------------------------------------(github-api;get-user-details-from-github)
Feature: GitHub API
  As a github user
  I want to be able to call the Github API to find out more information on github projects

  Background: Build a Base Request Specification       ?[90m# src/test/resources/features/GithubAPI.feature:6?[0m
12:57:36.317 [Test worker] INFO  n.t.c.steps.ConsoleLoggingListener - 
 _____ _____ ____ _____   ____ _____  _    ____ _____ _____ ____  
|_   _| ____/ ___|_   _| / ___|_   _|/ \  |  _ \_   _| ____|  _ \ 
  | | |  _| \___ \ | |   \___ \ | | / _ \ | |_) || | |  _| | | | |
  | | | |___ ___) || |    ___) || |/ ___ \|  _ < | | | |___| |_| |
  |_| |_____|____/ |_|   |____/ |_/_/   \_\_| \_\|_| |_____|____/ 
                                                                  

TEST STARTED: Create a new Repository in Github
-------------------------------------------------------------------(github-api;create-a-new-repository-in-github)

  Background: Build a Base Request Specification       ?[90m# src/test/resources/features/GithubAPI.feature:6?[0m

2 Scenarios (?[32m2 passed?[0m)
8 Steps (?[32m8 passed?[0m)
0m12.822s

]]></system-out>
  <system-err><![CDATA[]]></system-err>
</testsuite>
